<?xml version="1.0" encoding="UTF-8"?>
<testng-results total="0" passed="0" failed="0" skipped="0">
  <reporter-output>
  </reporter-output>
  <suite started-at="2019-11-10T23:06:51Z" name="Command line suite" finished-at="2019-11-10T23:06:51Z" duration-ms="1">
    <groups>
    </groups>
    <test started-at="2019-11-10T23:06:51Z" name="Command line test" finished-at="2019-11-10T23:06:51Z" duration-ms="1">
    </test> <!-- Command line test -->
  </suite> <!-- Command line suite -->
</testng-results>
